{"name": "Проверка увеличения счетчика заказов за сегодня, при оформлении нового", "status": "failed", "statusDetails": {"message": "AssertionError: assert 356 < 356\n +  where 356 = int('356')\n +  and   356 = int('356')", "trace": "self = <tests.test_orders_feed_page.TestOrdersFeedPage object at 0x0000014DFFAF0E90>, orders_feed_page_authorize = <pages.orders_feed_page.OrdersFeedPage object at 0x0000014DFFB400E0>\n\n    @allure.title('Проверка увеличения счетчика заказов за сегодня, при оформлении нового')\n    def test_check_today_order_counter_increased(self, orders_feed_page_authorize):\n        orders_feed_page_authorize.click_on_orders_feed()\n        before_orders = orders_feed_page_authorize.get_today_orders_counter()\n    \n        orders_feed_page_authorize.click_on_builder()\n        orders_feed_page_authorize.create_order()\n        orders_feed_page_authorize.close_details_order_window()\n    \n        orders_feed_page_authorize.click_on_orders_feed()\n        after_orders = orders_feed_page_authorize.get_today_orders_counter()\n    \n>       assert int(before_orders) < int(after_orders)\nE       AssertionError: assert 356 < 356\nE        +  where 356 = int('356')\nE        +  and   356 = int('356')\n\ntests\\test_orders_feed_page.py:54: AssertionError"}, "steps": [{"name": "Нажать на ссылку Лента заказов", "status": "passed", "start": 1712828447679, "stop": 1712828448274}, {"name": "Получить значение счетчика заказов за сегодня", "status": "passed", "start": 1712828448274, "stop": 1712828449293}, {"name": "Нажать на ссылку Конструктор", "status": "passed", "start": 1712828449293, "stop": 1712828449887}, {"name": "Создать заказ", "status": "passed", "start": 1712828449887, "stop": 1712828450710}, {"name": "Закрыть окно заказа", "status": "passed", "start": 1712828450710, "stop": 1712828451498}, {"name": "Нажать на ссылку Лента заказов", "status": "passed", "start": 1712828451498, "stop": 1712828452087}, {"name": "Получить значение счетчика заказов за сегодня", "status": "passed", "start": 1712828452087, "stop": 1712828452606}], "parameters": [{"name": "driver", "value": "'firefox'"}], "start": 1712828447679, "stop": 1712828452606, "uuid": "c6931662-851f-4a27-a2d9-b5e9e249eca7", "historyId": "3fde1b93c18716217ec685eeaa495c76", "testCaseId": "dff361a60dab87f3555613aae8f22d1c", "fullName": "tests.test_orders_feed_page.TestOrdersFeedPage#test_check_today_order_counter_increased", "labels": [{"name": "parentSuite", "value": "tests"}, {"name": "suite", "value": "test_orders_feed_page"}, {"name": "subSuite", "value": "TestOrdersFeedPage"}, {"name": "host", "value": "WIN-3S7DAA7KM70"}, {"name": "thread", "value": "9864-MainThread"}, {"name": "framework", "value": "pytest"}, {"name": "language", "value": "cpython3"}, {"name": "package", "value": "tests.test_orders_feed_page"}]}