{"name": "Проверка отображения нового заказа, что он находится \"В работе\"", "status": "failed", "statusDetails": {"message": "AssertionError: assert '9999' in 'Все текущие заказы готовы!'\n +  where 'Все текущие заказы готовы!' = <bound method OrdersFeedPage.get_orders_in_work of <pages.orders_feed_page.OrdersFeedPage object at 0x0000014DFFB40DA0>>()\n +    where <bound method OrdersFeedPage.get_orders_in_work of <pages.orders_feed_page.OrdersFeedPage object at 0x0000014DFFB40DA0>> = <pages.orders_feed_page.OrdersFeedPage object at 0x0000014DFFB40DA0>.get_orders_in_work", "trace": "self = <tests.test_orders_feed_page.TestOrdersFeedPage object at 0x0000014DFFAF1220>, orders_feed_page_authorize = <pages.orders_feed_page.OrdersFeedPage object at 0x0000014DFFB40DA0>\n\n    @allure.title('Проверка отображения нового заказа, что он находится \"В работе\"')\n    def test_check_new_order_in_work_success(self, orders_feed_page_authorize):\n        orders_feed_page_authorize.create_order()\n        order_number = orders_feed_page_authorize.get_new_order_number()\n        orders_feed_page_authorize.close_details_order_window()\n        orders_feed_page_authorize.click_on_orders_feed()\n    \n        print(order_number)\n    \n>       assert order_number in orders_feed_page_authorize.get_orders_in_work()\nE       AssertionError: assert '9999' in 'Все текущие заказы готовы!'\nE        +  where 'Все текущие заказы готовы!' = <bound method OrdersFeedPage.get_orders_in_work of <pages.orders_feed_page.OrdersFeedPage object at 0x0000014DFFB40DA0>>()\nE        +    where <bound method OrdersFeedPage.get_orders_in_work of <pages.orders_feed_page.OrdersFeedPage object at 0x0000014DFFB40DA0>> = <pages.orders_feed_page.OrdersFeedPage object at 0x0000014DFFB40DA0>.get_orders_in_work\n\ntests\\test_orders_feed_page.py:65: AssertionError"}, "steps": [{"name": "Создать заказ", "status": "passed", "start": 1712828478529, "stop": 1712828479869}, {"name": "Получить номер нового заказа", "status": "passed", "start": 1712828479869, "stop": 1712828481884}, {"name": "Закрыть окно заказа", "status": "passed", "start": 1712828481884, "stop": 1712828482176}, {"name": "Нажать на ссылку Лента заказов", "status": "passed", "start": 1712828482176, "stop": 1712828482791}, {"name": "Получить список заказов в работе", "status": "passed", "start": 1712828482791, "stop": 1712828484884}], "attachments": [{"name": "stdout", "source": "8b0a0b3c-7c54-4b0d-b961-04f8fdd4988c-attachment.txt", "type": "text/plain"}], "parameters": [{"name": "driver", "value": "'firefox'"}], "start": 1712828478529, "stop": 1712828484884, "uuid": "4762cd2c-99be-420c-951e-84e4e31fd915", "historyId": "0f7c787921df03ed536e9cf2205f62c6", "testCaseId": "6fc6eaae92737051780017a10703f463", "fullName": "tests.test_orders_feed_page.TestOrdersFeedPage#test_check_new_order_in_work_success", "labels": [{"name": "parentSuite", "value": "tests"}, {"name": "suite", "value": "test_orders_feed_page"}, {"name": "subSuite", "value": "TestOrdersFeedPage"}, {"name": "host", "value": "WIN-3S7DAA7KM70"}, {"name": "thread", "value": "9864-MainThread"}, {"name": "framework", "value": "pytest"}, {"name": "language", "value": "cpython3"}, {"name": "package", "value": "tests.test_orders_feed_page"}]}