{"name": "Проверка отображения нового заказа, что он находится \"В работе\"", "status": "failed", "statusDetails": {"message": "AssertionError: assert '9999' in 'Все текущие заказы готовы!'\n +  where 'Все текущие заказы готовы!' = <bound method OrdersFeedPage.get_orders_in_work of <pages.orders_feed_page.OrdersFeedPage object at 0x0000022D2923DD00>>()\n +    where <bound method OrdersFeedPage.get_orders_in_work of <pages.orders_feed_page.OrdersFeedPage object at 0x0000022D2923DD00>> = <pages.orders_feed_page.OrdersFeedPage object at 0x0000022D2923DD00>.get_orders_in_work", "trace": "self = <tests.test_orders_feed_page.TestOrdersFeedPage object at 0x0000022D29202120>, orders_feed_page_authorize = <pages.orders_feed_page.OrdersFeedPage object at 0x0000022D2923DD00>\n\n    @allure.title('Проверка отображения нового заказа, что он находится \"В работе\"')\n    def test_check_new_order_in_work_success(self, orders_feed_page_authorize):\n        orders_feed_page_authorize.create_order()\n        order_number = orders_feed_page_authorize.get_new_order_number()\n        orders_feed_page_authorize.close_details_order_window()\n        orders_feed_page_authorize.click_on_orders_feed()\n    \n        print(order_number)\n    \n>       assert order_number in orders_feed_page_authorize.get_orders_in_work()\nE       AssertionError: assert '9999' in 'Все текущие заказы готовы!'\nE        +  where 'Все текущие заказы готовы!' = <bound method OrdersFeedPage.get_orders_in_work of <pages.orders_feed_page.OrdersFeedPage object at 0x0000022D2923DD00>>()\nE        +    where <bound method OrdersFeedPage.get_orders_in_work of <pages.orders_feed_page.OrdersFeedPage object at 0x0000022D2923DD00>> = <pages.orders_feed_page.OrdersFeedPage object at 0x0000022D2923DD00>.get_orders_in_work\n\ntests\\test_orders_feed_page.py:65: AssertionError"}, "steps": [{"name": "Создать заказ", "status": "passed", "start": 1712827509923, "stop": 1712827511273}, {"name": "Получить номер нового заказа", "status": "passed", "start": 1712827511273, "stop": 1712827513286}, {"name": "Закрыть окно заказа", "status": "passed", "start": 1712827513286, "stop": 1712827513571}, {"name": "Нажать на ссылку Лента заказов", "status": "passed", "start": 1712827513571, "stop": 1712827514160}, {"name": "Получить список заказов в работе", "status": "passed", "start": 1712827514160, "stop": 1712827516298}], "attachments": [{"name": "stdout", "source": "2d15b2d3-a386-43dc-a8a5-e04496cbe176-attachment.txt", "type": "text/plain"}], "parameters": [{"name": "driver", "value": "'firefox'"}], "start": 1712827509923, "stop": 1712827516298, "uuid": "de4b0607-5dcd-4fea-9b1c-b1bb841ec957", "historyId": "0f7c787921df03ed536e9cf2205f62c6", "testCaseId": "6fc6eaae92737051780017a10703f463", "fullName": "tests.test_orders_feed_page.TestOrdersFeedPage#test_check_new_order_in_work_success", "labels": [{"name": "parentSuite", "value": "tests"}, {"name": "suite", "value": "test_orders_feed_page"}, {"name": "subSuite", "value": "TestOrdersFeedPage"}, {"name": "host", "value": "WIN-3S7DAA7KM70"}, {"name": "thread", "value": "5952-MainThread"}, {"name": "framework", "value": "pytest"}, {"name": "language", "value": "cpython3"}, {"name": "package", "value": "tests.test_orders_feed_page"}]}