{"name": "Проверка увеличения счетчика заказов за сегодня, при оформлении нового", "status": "failed", "statusDetails": {"message": "AssertionError: assert 351 < 351\n +  where 351 = int('351')\n +  and   351 = int('351')", "trace": "self = <tests.test_orders_feed_page.TestOrdersFeedPage object at 0x0000022D29201DF0>, orders_feed_page_authorize = <pages.orders_feed_page.OrdersFeedPage object at 0x0000022D29203590>\n\n    @allure.title('Проверка увеличения счетчика заказов за сегодня, при оформлении нового')\n    def test_check_today_order_counter_increased(self, orders_feed_page_authorize):\n        orders_feed_page_authorize.click_on_orders_feed()\n        before_orders = orders_feed_page_authorize.get_today_orders_counter()\n    \n        orders_feed_page_authorize.click_on_builder()\n        orders_feed_page_authorize.create_order()\n        orders_feed_page_authorize.close_details_order_window()\n    \n        orders_feed_page_authorize.click_on_orders_feed()\n        after_orders = orders_feed_page_authorize.get_today_orders_counter()\n    \n>       assert int(before_orders) < int(after_orders)\nE       AssertionError: assert 351 < 351\nE        +  where 351 = int('351')\nE        +  and   351 = int('351')\n\ntests\\test_orders_feed_page.py:54: AssertionError"}, "steps": [{"name": "Нажать на ссылку Лента заказов", "status": "passed", "start": 1712827479144, "stop": 1712827479714}, {"name": "Получить значение счетчика заказов за сегодня", "status": "passed", "start": 1712827479714, "stop": 1712827480731}, {"name": "Нажать на ссылку Конструктор", "status": "passed", "start": 1712827480731, "stop": 1712827481310}, {"name": "Создать заказ", "status": "passed", "start": 1712827481310, "stop": 1712827482106}, {"name": "Закрыть окно заказа", "status": "passed", "start": 1712827482106, "stop": 1712827482895}, {"name": "Нажать на ссылку Лента заказов", "status": "passed", "start": 1712827482895, "stop": 1712827483498}, {"name": "Получить значение счетчика заказов за сегодня", "status": "passed", "start": 1712827483498, "stop": 1712827484010}], "parameters": [{"name": "driver", "value": "'firefox'"}], "start": 1712827479144, "stop": 1712827484010, "uuid": "f387bb9a-f412-4919-a95b-0d2e853f2b23", "historyId": "3fde1b93c18716217ec685eeaa495c76", "testCaseId": "dff361a60dab87f3555613aae8f22d1c", "fullName": "tests.test_orders_feed_page.TestOrdersFeedPage#test_check_today_order_counter_increased", "labels": [{"name": "parentSuite", "value": "tests"}, {"name": "suite", "value": "test_orders_feed_page"}, {"name": "subSuite", "value": "TestOrdersFeedPage"}, {"name": "host", "value": "WIN-3S7DAA7KM70"}, {"name": "thread", "value": "5952-MainThread"}, {"name": "framework", "value": "pytest"}, {"name": "language", "value": "cpython3"}, {"name": "package", "value": "tests.test_orders_feed_page"}]}